<?xml version="1.0" encoding="UTF-8"?>
<testsuite xmlns:xsi="http://www.w3.org/2001/XMLSchema-instance" xsi:noNamespaceSchemaLocation="https://maven.apache.org/surefire/maven-surefire-plugin/xsd/surefire-test-report-3.0.xsd" version="3.0" name="pl.polsl.FilipSkoczylas.Model.InsertionSorterTest" time="0.101" tests="4" errors="0" skipped="0" failures="0">
  <properties>
[...]
</properties>
  <testcase name="testSorting(ArrayList)[1]" classname="pl.polsl.FilipSkoczylas.Model.InsertionSorterTest" time="0.048"/>
  <testcase name="testSorting(ArrayList)[2]" classname="pl.polsl.FilipSkoczylas.Model.InsertionSorterTest" time="0.001"/>
  <testcase name="testSorting(ArrayList)[3]" classname="pl.polsl.FilipSkoczylas.Model.InsertionSorterTest" time="0.001"/>
  <testcase name="testSorting(ArrayList)[4]" classname="pl.polsl.FilipSkoczylas.Model.InsertionSorterTest" time="0.001"/>
</testsuite>